Arguments: 
  /usr/local/Cellar/node@10/10.16.0/bin/node /usr/local/lib/node_modules/@sanity/cli/vendor/yarn add @sanity/vision. --json --non-interactive --ignore-engines --registry https://registry.npmjs.org

PATH: 
  /Users/ciaranhanrahan/Documents/GitHub/mappied-marketing-site/studio/node_modules/.bin:/Users/ciaranhanrahan/Documents/GitHub/mappied-marketing-site/node_modules/.bin:/Users/ciaranhanrahan/Documents/GitHub/node_modules/.bin:/Users/ciaranhanrahan/Documents/node_modules/.bin:/Users/ciaranhanrahan/node_modules/.bin:/Users/node_modules/.bin:/node_modules/.bin:/usr/local/Cellar/node@10/10.16.0/bin:/usr/local/lib/node_modules/vendor:/usr/local/opt/icu4c/sbin:/usr/local/opt/icu4c/bin:/Users/ciaranhanrahan/.rvm/gems/ruby-2.1.1/bin:/Users/ciaranhanrahan/.rvm/gems/ruby-2.1.1@global/bin:/Users/ciaranhanrahan/.rvm/rubies/ruby-2.1.1/bin:/usr/local/bin:/usr/bin:/bin:/usr/sbin:/sbin:/usr/local/git/bin:/Users/ciaranhanrahan/.rvm/bin

Yarn version: 
  1.6.0

Node version: 
  10.16.0

Platform: 
  darwin x64

Trace: 
  Error: https://registry.npmjs.org/@sanity%2fvision.: Not found
      at Request.params.callback [as _callback] (/usr/local/lib/node_modules/@sanity/cli/vendor/yarn:65357:18)
      at Request.self.callback (/usr/local/lib/node_modules/@sanity/cli/vendor/yarn:133185:22)
      at Request.emit (events.js:198:13)
      at Request.<anonymous> (/usr/local/lib/node_modules/@sanity/cli/vendor/yarn:134168:10)
      at Request.emit (events.js:198:13)
      at IncomingMessage.<anonymous> (/usr/local/lib/node_modules/@sanity/cli/vendor/yarn:134088:12)
      at Object.onceWrapper (events.js:286:20)
      at IncomingMessage.emit (events.js:203:15)
      at endReadableNT (_stream_readable.js:1129:12)
      at process._tickCallback (internal/process/next_tick.js:63:19)

npm manifest: 
  {
    "private": true,
    "name": "sanity-nextjs-landing-pages-studio",
    "version": "1.0.4",
    "main": "package.json",
    "author": "Sanity <hello@sanity.io>",
    "scripts": {
      "build": "sanity build",
      "dev": "sanity start",
      "test": "sanity check"
    },
    "dependencies": {
      "@sanity/base": "^1.149",
      "@sanity/cli": "^1.149",
      "@sanity/components": "^1.149",
      "@sanity/core": "^1.149",
      "@sanity/dashboard": "^1.149",
      "@sanity/default-layout": "^1.149",
      "@sanity/default-login": "^1.149",
      "@sanity/desk-tool": "^1.149",
      "bcp47": "^1.1.2",
      "prop-types": "^15.7.2",
      "react": "^16.13.1",
      "react-dom": "^16.13.1",
      "sanity-plugin-dashboard-widget-document-list": "^0.0.10",
      "sanity-plugin-dashboard-widget-netlify": "^1.0.1"
    },
    "devDependencies": {
      "babel-eslint": "^10.0.1",
      "eslint": "^5.16.0",
      "eslint-config-standard": "^12.0.0",
      "eslint-config-standard-react": "^7.0.2",
      "eslint-plugin-import": "^2.17.2",
      "eslint-plugin-node": "^9.0.1",
      "eslint-plugin-promise": "^4.1.1",
      "eslint-plugin-react": "^7.13.0",
      "eslint-plugin-standard": "^4.0.0",
      "prettier-eslint-cli": "^4.7.1"
    }
  }

yarn manifest: 
  No manifest

Lockfile: 
  No lockfile
